<?xml version="1.0" encoding="UTF-8"?>
<!-- Generated by org.testng.reporters.JUnitReportReporter -->
<testsuite hostname="DESKTOP-78MMKGL" failures="0" tests="4" name="socialMedia.FaceBookTest" time="0.005" errors="0" timestamp="2020-06-19T14:52:58 EDT" skipped="0">
  <testcase classname="socialMedia.FaceBookTest" name="LoginTest4" time="0.001"/>
  <system-out/>
  <testcase classname="socialMedia.FaceBookTest" name="LoginTest3" time="0.002"/>
  <system-out/>
  <testcase classname="socialMedia.FaceBookTest" name="LoginTest2" time="0.001"/>
  <system-out/>
  <testcase classname="socialMedia.FaceBookTest" name="LoginTest1" time="0.001"/>
  <system-out/>
</testsuite> <!-- socialMedia.FaceBookTest -->
