<?xml version="1.0" encoding="UTF-8"?>
<!-- Generated by org.testng.reporters.JUnitReportReporter -->
<testsuite hostname="DESKTOP-78MMKGL" failures="0" tests="4" name="socialMedia.TwitterTest" time="0.021" errors="0" timestamp="2020-06-24T00:52:36 EDT" skipped="0">
  <testcase classname="socialMedia.TwitterTest" name="LoginTest1" time="0.013"/>
  <system-out/>
  <testcase classname="socialMedia.TwitterTest" name="LoginTest3" time="0.003"/>
  <system-out/>
  <testcase classname="socialMedia.TwitterTest" name="LoginTest2" time="0.002"/>
  <system-out/>
  <testcase classname="socialMedia.TwitterTest" name="LoginTest4" time="0.003"/>
  <system-out/>
</testsuite> <!-- socialMedia.TwitterTest -->
