<?xml version="1.0" encoding="UTF-8"?>
<!-- Generated by org.testng.reporters.JUnitReportReporter -->
<testsuite hostname="DESKTOP-78MMKGL" failures="0" tests="3" name="socialMedia.MySpaceTest" time="0.003" errors="0" timestamp="2020-06-19T14:52:58 EDT" skipped="0">
  <testcase classname="socialMedia.MySpaceTest" name="Test2" time="0.001"/>
  <system-out/>
  <testcase classname="socialMedia.MySpaceTest" name="Test3" time="0.001"/>
  <system-out/>
  <testcase classname="socialMedia.MySpaceTest" name="Test1" time="0.001"/>
  <system-out/>
</testsuite> <!-- socialMedia.MySpaceTest -->
