<?xml version="1.0" encoding="UTF-8"?>
<!-- Generated by org.testng.reporters.JUnitReportReporter -->
<testsuite hostname="DESKTOP-78MMKGL" failures="0" tests="4" name="socialMedia.FaceBookTest" time="0.000" errors="0" timestamp="2020-06-28T10:36:43 EDT" skipped="0">
  <testcase classname="socialMedia.FaceBookTest" name="LoginTest1" time="0.000"/>
  <system-out/>
  <testcase classname="socialMedia.FaceBookTest" name="LoginTest3" time="0.000"/>
  <system-out/>
  <testcase classname="socialMedia.FaceBookTest" name="LoginTest2" time="0.000"/>
  <system-out/>
  <testcase classname="socialMedia.FaceBookTest" name="LoginTest4" time="0.000"/>
  <system-out/>
</testsuite> <!-- socialMedia.FaceBookTest -->
